# Java VM: OpenJDK 64-Bit Server VM (25.152-b8 mixed mode windows-amd64 compressed oops)
Heap:
 par new generation   total 39296K, used 16376K [0x00000000d1200000, 0x00000000d3ca0000, 0x00000000e0c00000)
  eden space 34944K,  38% used [0x00000000d1200000, 0x00000000d1f0f200, 0x00000000d3420000)
  from space 4352K,  69% used [0x00000000d3860000, 0x00000000d3b4efe8, 0x00000000d3ca0000)
  to   space 4352K,   0% used [0x00000000d3420000, 0x00000000d3420000, 0x00000000d3860000)
 concurrent mark-sweep generation total 200784K, used 124409K [0x00000000e0c00000, 0x00000000ed014000, 0x0000000100000000)
 Metaspace       used 203319K, capacity 215744K, committed 217044K, reserved 1241088K
  class space    used 23952K, capacity 26373K, committed 26628K, reserved 1048576K
GC Heap History (10 events):
Event: 87411.021 GC heap before
{Heap before GC invocations=506 (full 10):
 par new generation   total 39296K, used 37425K [0x00000000d1200000, 0x00000000d3ca0000, 0x00000000e0c00000)
  eden space 34944K, 100% used [0x00000000d1200000, 0x00000000d3420000, 0x00000000d3420000)
  from space 4352K,  57% used [0x00000000d3420000, 0x00000000d368c760, 0x00000000d3860000)
  to   space 4352K,   0% used [0x00000000d3860000, 0x00000000d3860000, 0x00000000d3ca0000)
 concurrent mark-sweep generation total 200784K, used 123682K [0x00000000e0c00000, 0x00000000ed014000, 0x0000000100000000)
 Metaspace       used 203189K, capacity 215612K, committed 217044K, reserved 1241088K
  class space    used 23934K, capacity 26359K, committed 26628K, reserved 1048576K
Event: 87411.047 GC heap after
Heap after GC invocations=507 (full 10):
 par new generation   total 39296K, used 2439K [0x00000000d1200000, 0x00000000d3ca0000, 0x00000000e0c00000)
  eden space 34944K,   0% used [0x00000000d1200000, 0x00000000d1200000, 0x00000000d3420000)
  from space 4352K,  56% used [0x00000000d3860000, 0x00000000d3ac1df0, 0x00000000d3ca0000)
  to   space 4352K,   0% used [0x00000000d3420000, 0x00000000d3420000, 0x00000000d3860000)
 concurrent mark-sweep generation total 200784K, used 123682K [0x00000000e0c00000, 0x00000000ed014000, 0x0000000100000000)
 Metaspace       used 203189K, capacity 215612K, committed 217044K, reserved 1241088K
  class space    used 23934K, capacity 26359K, committed 26628K, reserved 1048576K
}
Event: 87413.343 GC heap before
{Heap before GC invocations=507 (full 10):
 par new generation   total 39296K, used 37383K [0x00000000d1200000, 0x00000000d3ca0000, 0x00000000e0c00000)
  eden space 34944K, 100% used [0x00000000d1200000, 0x00000000d3420000, 0x00000000d3420000)
  from space 4352K,  56% used [0x00000000d3860000, 0x00000000d3ac1df0, 0x00000000d3ca0000)
  to   space 4352K,   0% used [0x00000000d3420000, 0x00000000d3420000, 0x00000000d3860000)
 concurrent mark-sweep generation total 200784K, used 123682K [0x00000000e0c00000, 0x00000000ed014000, 0x0000000100000000)
 Metaspace       used 203215K, capacity 215612K, committed 217044K, reserved 1241088K
  class space    used 23934K, capacity 26359K, committed 26628K, reserved 1048576K
Event: 87413.351 GC heap after
Heap after GC invocations=508 (full 10):
 par new generation   total 39296K, used 3173K [0x00000000d1200000, 0x00000000d3ca0000, 0x00000000e0c00000)
  eden space 34944K,   0% used [0x00000000d1200000, 0x00000000d1200000, 0x00000000d3420000)
  from space 4352K,  72% used [0x00000000d3420000, 0x00000000d3739448, 0x00000000d3860000)
  to   space 4352K,   0% used [0x00000000d3860000, 0x00000000d3860000, 0x00000000d3ca0000)
 concurrent mark-sweep generation total 200784K, used 123745K [0x00000000e0c00000, 0x00000000ed014000, 0x0000000100000000)
 Metaspace       used 203215K, capacity 215612K, committed 217044K, reserved 1241088K
  class space    used 23934K, capacity 26359K, committed 26628K, reserved 1048576K
}
Event: 87414.214 GC heap before
{Heap before GC invocations=508 (full 10):
 par new generation   total 39296K, used 38117K [0x00000000d1200000, 0x00000000d3ca0000, 0x00000000e0c00000)
  eden space 34944K, 100% used [0x00000000d1200000, 0x00000000d3420000, 0x00000000d3420000)
  from space 4352K,  72% used [0x00000000d3420000, 0x00000000d3739448, 0x00000000d3860000)
  to   space 4352K,   0% used [0x00000000d3860000, 0x00000000d3860000, 0x00000000d3ca0000)
 concurrent mark-sweep generation total 200784K, used 123745K [0x00000000e0c00000, 0x00000000ed014000, 0x0000000100000000)
 Metaspace       used 203311K, capacity 215744K, committed 217044K, reserved 1241088K
  class space    used 23952K, capacity 26373K, committed 26628K, reserved 1048576K
Event: 87414.238 GC heap after
Heap after GC invocations=509 (full 10):
 par new generation   total 39296K, used 2981K [0x00000000d1200000, 0x00000000d3ca0000, 0x00000000e0c00000)
  eden space 34944K,   0% used [0x00000000d1200000, 0x00000000d1200000, 0x00000000d3420000)
  from space 4352K,  68% used [0x00000000d3860000, 0x00000000d3b49510, 0x00000000d3ca0000)
  to   space 4352K,   0% used [0x00000000d3420000, 0x00000000d3420000, 0x00000000d3860000)
 concurrent mark-sweep generation total 200784K, used 124367K [0x00000000e0c00000, 0x00000000ed014000, 0x0000000100000000)
 Metaspace       used 203311K, capacity 215744K, committed 217044K, reserved 1241088K
  class space    used 23952K, capacity 26373K, committed 26628K, reserved 1048576K
}
Event: 87414.913 GC heap before
{Heap before GC invocations=509 (full 10):
 par new generation   total 39296K, used 37925K [0x00000000d1200000, 0x00000000d3ca0000, 0x00000000e0c00000)
  eden space 34944K, 100% used [0x00000000d1200000, 0x00000000d3420000, 0x00000000d3420000)
  from space 4352K,  68% used [0x00000000d3860000, 0x00000000d3b49510, 0x00000000d3ca0000)
  to   space 4352K,   0% used [0x00000000d3420000, 0x00000000d3420000, 0x00000000d3860000)
 concurrent mark-sweep generation total 200784K, used 124367K [0x00000000e0c00000, 0x00000000ed014000, 0x0000000100000000)
 Metaspace       used 203317K, capacity 215744K, committed 217044K, reserved 1241088K
  class space    used 23952K, capacity 26373K, committed 26628K, reserved 1048576K
Event: 87414.925 GC heap after
Heap after GC invocations=510 (full 10):
 par new generation   total 39296K, used 2741K [0x00000000d1200000, 0x00000000d3ca0000, 0x00000000e0c00000)
  eden space 34944K,   0% used [0x00000000d1200000, 0x00000000d1200000, 0x00000000d3420000)
  from space 4352K,  63% used [0x00000000d3420000, 0x00000000d36cd7a8, 0x00000000d3860000)
  to   space 4352K,   0% used [0x00000000d3860000, 0x00000000d3860000, 0x00000000d3ca0000)
 concurrent mark-sweep generation total 200784K, used 124387K [0x00000000e0c00000, 0x00000000ed014000, 0x0000000100000000)
 Metaspace       used 203317K, capacity 215744K, committed 217044K, reserved 1241088K
  class space    used 23952K, capacity 26373K, committed 26628K, reserved 1048576K
}
Event: 87415.887 GC heap before
{Heap before GC invocations=510 (full 10):
 par new generation   total 39296K, used 37685K [0x00000000d1200000, 0x00000000d3ca0000, 0x00000000e0c00000)
  eden space 34944K, 100% used [0x00000000d1200000, 0x00000000d3420000, 0x00000000d3420000)
  from space 4352K,  63% used [0x00000000d3420000, 0x00000000d36cd7a8, 0x00000000d3860000)
  to   space 4352K,   0% used [0x00000000d3860000, 0x00000000d3860000, 0x00000000d3ca0000)
 concurrent mark-sweep generation total 200784K, used 124387K [0x00000000e0c00000, 0x00000000ed014000, 0x0000000100000000)
 Metaspace       used 203318K, capacity 215744K, committed 217044K, reserved 1241088K
  class space    used 23952K, capacity 26373K, committed 26628K, reserved 1048576K
Event: 87416.031 GC heap after
Heap after GC invocations=511 (full 10):
 par new generation   total 39296K, used 3003K [0x00000000d1200000, 0x00000000d3ca0000, 0x00000000e0c00000)
  eden space 34944K,   0% used [0x00000000d1200000, 0x00000000d1200000, 0x00000000d3420000)
  from space 4352K,  69% used [0x00000000d3860000, 0x00000000d3b4efe8, 0x00000000d3ca0000)
  to   space 4352K,   0% used [0x00000000d3420000, 0x00000000d3420000, 0x00000000d3860000)
 concurrent mark-sweep generation total 200784K, used 124409K [0x00000000e0c00000, 0x00000000ed014000, 0x0000000100000000)
 Metaspace       used 203318K, capacity 215744K, committed 217044K, reserved 1241088K
  class space    used 23952K, capacity 26373K, committed 26628K, reserved 1048576K
}

